<?xml version="1.0" encoding="UTF-8"?>
<!-- Generated by org.testng.reporters.JUnitXMLReporter -->
<testsuite ignored="0" hostname="SathishChowdary" failures="0" tests="9" name="Default test" time="129.537" errors="0" timestamp="2023-12-19T09:36:59 IST">
  <testcase classname="Runner" name="validateUsernameAndPasswordFields" time="0.12"/>
  <testcase classname="Runner" name="validatepageTitle" time="0.011"/>
  <testcase classname="Runner" name="getUserNameAndPasswordfieldsAndLogin" time="0.573"/>
  <testcase classname="Runner" name="validateDropDownInProductPage" time="0.611"/>
  <testcase classname="Runner" name="validateALLProductsByName" time="1.292"/>
  <testcase classname="Runner" name="changeSortingOfPriceHighToLowAndCheck" time="0.765"/>
  <testcase classname="Runner" name="storingNameAndPriceInJson" time="1.058"/>
  <testcase classname="Runner" name="addAllproductsToCartAndCheckCartIcon" time="1.254"/>
  <testcase classname="Runner" name="addAllproductsToCartAndCheckout" time="121.602"/>
</testsuite> <!-- Default test -->
