<?xml version="1.0" encoding="UTF-8"?>
<testng-results ignored="0" total="9" passed="9" failed="0" skipped="0">
  <reporter-output>
  </reporter-output>
  <suite started-at="2023-12-19T09:34:50 IST" name="Default suite" finished-at="2023-12-19T09:36:59 IST" duration-ms="129537">
    <groups>
    </groups>
    <test started-at="2023-12-19T09:34:50 IST" name="Default test" finished-at="2023-12-19T09:36:59 IST" duration-ms="129537">
      <class name="Runner">
        <test-method is-config="true" signature="openeingBrowser()[pri:0, instance:Runner@121c54fa]" started-at="2023-12-19T09:34:50 IST" name="openeingBrowser" finished-at="2023-12-19T09:34:51 IST" duration-ms="1237" status="PASS">
          <reporter-output>
          </reporter-output>
        </test-method> <!-- openeingBrowser -->
        <test-method signature="validateUsernameAndPasswordFields()[pri:1, instance:Runner@121c54fa]" started-at="2023-12-19T09:34:51 IST" name="validateUsernameAndPasswordFields" description="verifying username and password are editable" finished-at="2023-12-19T09:34:51 IST" duration-ms="120" status="PASS">
          <reporter-output>
          </reporter-output>
        </test-method> <!-- validateUsernameAndPasswordFields -->
        <test-method is-config="true" signature="openeingBrowser()[pri:0, instance:Runner@121c54fa]" started-at="2023-12-19T09:34:51 IST" name="openeingBrowser" finished-at="2023-12-19T09:34:51 IST" duration-ms="90" status="PASS">
          <reporter-output>
          </reporter-output>
        </test-method> <!-- openeingBrowser -->
        <test-method signature="validatepageTitle()[pri:2, instance:Runner@121c54fa]" started-at="2023-12-19T09:34:51 IST" name="validatepageTitle" description="verifying  page title" finished-at="2023-12-19T09:34:51 IST" duration-ms="11" status="PASS">
          <reporter-output>
          </reporter-output>
        </test-method> <!-- validatepageTitle -->
        <test-method is-config="true" signature="openeingBrowser()[pri:0, instance:Runner@121c54fa]" started-at="2023-12-19T09:34:51 IST" name="openeingBrowser" finished-at="2023-12-19T09:34:51 IST" duration-ms="56" status="PASS">
          <reporter-output>
          </reporter-output>
        </test-method> <!-- openeingBrowser -->
        <test-method signature="getUserNameAndPasswordfieldsAndLogin()[pri:3, instance:Runner@121c54fa]" started-at="2023-12-19T09:34:51 IST" name="getUserNameAndPasswordfieldsAndLogin" description="get username and password from attribute and login " finished-at="2023-12-19T09:34:52 IST" duration-ms="573" status="PASS">
          <reporter-output>
          </reporter-output>
        </test-method> <!-- getUserNameAndPasswordfieldsAndLogin -->
        <test-method is-config="true" signature="openeingBrowser()[pri:0, instance:Runner@121c54fa]" started-at="2023-12-19T09:34:52 IST" name="openeingBrowser" finished-at="2023-12-19T09:34:52 IST" duration-ms="142" status="PASS">
          <reporter-output>
          </reporter-output>
        </test-method> <!-- openeingBrowser -->
        <test-method signature="validateDropDownInProductPage()[pri:4, instance:Runner@121c54fa]" started-at="2023-12-19T09:34:52 IST" name="validateDropDownInProductPage" description="validating dropdown in productpage" finished-at="2023-12-19T09:34:53 IST" duration-ms="611" status="PASS">
          <reporter-output>
          </reporter-output>
        </test-method> <!-- validateDropDownInProductPage -->
        <test-method is-config="true" signature="openeingBrowser()[pri:0, instance:Runner@121c54fa]" started-at="2023-12-19T09:34:53 IST" name="openeingBrowser" finished-at="2023-12-19T09:34:53 IST" duration-ms="78" status="PASS">
          <reporter-output>
          </reporter-output>
        </test-method> <!-- openeingBrowser -->
        <test-method signature="validateALLProductsByName()[pri:5, instance:Runner@121c54fa]" started-at="2023-12-19T09:34:53 IST" name="validateALLProductsByName" description="verifying  all products are in ascending order by name" finished-at="2023-12-19T09:34:54 IST" duration-ms="1292" status="PASS">
          <reporter-output>
          </reporter-output>
        </test-method> <!-- validateALLProductsByName -->
        <test-method is-config="true" signature="openeingBrowser()[pri:0, instance:Runner@121c54fa]" started-at="2023-12-19T09:34:54 IST" name="openeingBrowser" finished-at="2023-12-19T09:34:54 IST" duration-ms="174" status="PASS">
          <reporter-output>
          </reporter-output>
        </test-method> <!-- openeingBrowser -->
        <test-method signature="changeSortingOfPriceHighToLowAndCheck()[pri:6, instance:Runner@121c54fa]" started-at="2023-12-19T09:34:54 IST" name="changeSortingOfPriceHighToLowAndCheck" description="verifying  all products are in descnding order by name" finished-at="2023-12-19T09:34:55 IST" duration-ms="765" status="PASS">
          <reporter-output>
          </reporter-output>
        </test-method> <!-- changeSortingOfPriceHighToLowAndCheck -->
        <test-method is-config="true" signature="openeingBrowser()[pri:0, instance:Runner@121c54fa]" started-at="2023-12-19T09:34:55 IST" name="openeingBrowser" finished-at="2023-12-19T09:34:55 IST" duration-ms="145" status="PASS">
          <reporter-output>
          </reporter-output>
        </test-method> <!-- openeingBrowser -->
        <test-method signature="storingNameAndPriceInJson()[pri:6, instance:Runner@121c54fa]" started-at="2023-12-19T09:34:55 IST" name="storingNameAndPriceInJson" description=" Storing name and price in json file" finished-at="2023-12-19T09:34:56 IST" duration-ms="1058" status="PASS">
          <reporter-output>
          </reporter-output>
        </test-method> <!-- storingNameAndPriceInJson -->
        <test-method is-config="true" signature="openeingBrowser()[pri:0, instance:Runner@121c54fa]" started-at="2023-12-19T09:34:56 IST" name="openeingBrowser" finished-at="2023-12-19T09:34:56 IST" duration-ms="158" status="PASS">
          <reporter-output>
          </reporter-output>
        </test-method> <!-- openeingBrowser -->
        <test-method signature="addAllproductsToCartAndCheckCartIcon()[pri:7, instance:Runner@121c54fa]" started-at="2023-12-19T09:34:56 IST" name="addAllproductsToCartAndCheckCartIcon" description="Add all products to cart and check cart icon and comapring prices with jsonfile" finished-at="2023-12-19T09:34:58 IST" duration-ms="1254" status="PASS">
          <reporter-output>
          </reporter-output>
        </test-method> <!-- addAllproductsToCartAndCheckCartIcon -->
        <test-method is-config="true" signature="openeingBrowser()[pri:0, instance:Runner@121c54fa]" started-at="2023-12-19T09:34:58 IST" name="openeingBrowser" finished-at="2023-12-19T09:34:58 IST" duration-ms="66" status="PASS">
          <reporter-output>
          </reporter-output>
        </test-method> <!-- openeingBrowser -->
        <test-method signature="addAllproductsToCartAndCheckout()[pri:7, instance:Runner@121c54fa]" started-at="2023-12-19T09:34:58 IST" name="addAllproductsToCartAndCheckout" description="Add all products to cart and checkout" finished-at="2023-12-19T09:36:59 IST" duration-ms="121602" status="PASS">
          <reporter-output>
          </reporter-output>
        </test-method> <!-- addAllproductsToCartAndCheckout -->
      </class> <!-- Runner -->
    </test> <!-- Default test -->
  </suite> <!-- Default suite -->
</testng-results>
