{
  "stats": {
    "suites": 0,
    "tests": 3,
    "passes": 3,
    "pending": 0,
    "failures": 0,
    "start": "2023-12-16T08:50:14.858Z",
    "end": "2023-12-16T08:50:23.547Z",
    "duration": 8689,
    "testsRegistered": 3,
    "passPercent": 100,
    "pendingPercent": 0,
    "other": 0,
    "hasOther": false,
    "skipped": 0,
    "hasSkipped": false
  },
  "results": [
    {
      "uuid": "d6437b5d-3052-4857-b3f7-4bbf5500d203",
      "title": "",
      "fullFile": "cypress\\e2e\\tests\\verifyLogin.cy.js",
      "file": "cypress\\e2e\\tests\\verifyLogin.cy.js",
      "beforeHooks": [],
      "afterHooks": [],
      "tests": [
        {
          "title": "Should login to saucedemo page",
          "fullTitle": "Should login to saucedemo page",
          "timedOut": null,
          "duration": 2515,
          "state": "passed",
          "speed": "fast",
          "pass": true,
          "fail": false,
          "pending": false,
          "context": null,
          "code": "cy.visit('https://www.saucedemo.com/');\ncy.get('[data-test=\"username\"]').should('not.be.disabled').should('not.have.attr', 'readonly');\ncy.get('[data-test=\"password\"]').should('not.be.disabled').should('not.have.attr', 'readonly');\n_loginPage.default.login();",
          "err": {},
          "uuid": "da4c8a2d-d0b3-4909-8d85-5b537b8cf540",
          "parentUUID": "d6437b5d-3052-4857-b3f7-4bbf5500d203",
          "isHook": false,
          "skipped": false
        },
        {
          "title": "Should  to cart page",
          "fullTitle": "Should  to cart page",
          "timedOut": null,
          "duration": 1585,
          "state": "passed",
          "speed": "fast",
          "pass": true,
          "fail": false,
          "pending": false,
          "context": null,
          "code": "cy.reload();\n_loginPage.default.login();\n_loginPage.default.cart();",
          "err": {},
          "uuid": "4541d5e7-5ccc-4678-aca1-fec4c8b08859",
          "parentUUID": "d6437b5d-3052-4857-b3f7-4bbf5500d203",
          "isHook": false,
          "skipped": false
        },
        {
          "title": "Should address to a page",
          "fullTitle": "Should address to a page",
          "timedOut": null,
          "duration": 2427,
          "state": "passed",
          "speed": "fast",
          "pass": true,
          "fail": false,
          "pending": false,
          "context": null,
          "code": "cy.reload();\n_loginPage.default.login();\n_loginPage.default.cart();\n_loginPage.default.address();",
          "err": {},
          "uuid": "f9062a9f-8716-4e55-9d52-034033ebb2cf",
          "parentUUID": "d6437b5d-3052-4857-b3f7-4bbf5500d203",
          "isHook": false,
          "skipped": false
        }
      ],
      "suites": [],
      "passes": [
        "da4c8a2d-d0b3-4909-8d85-5b537b8cf540",
        "4541d5e7-5ccc-4678-aca1-fec4c8b08859",
        "f9062a9f-8716-4e55-9d52-034033ebb2cf"
      ],
      "failures": [],
      "pending": [],
      "skipped": [],
      "duration": 6527,
      "root": true,
      "rootEmpty": false,
      "_timeout": 2000
    }
  ],
  "meta": {
    "mocha": {
      "version": "7.0.1"
    },
    "mochawesome": {
      "options": {
        "quiet": false,
        "reportFilename": "mochawesome",
        "saveHtml": true,
        "saveJson": true,
        "consoleReporter": "spec",
        "useInlineDiffs": false,
        "code": true
      },
      "version": "7.1.3"
    },
    "marge": {
      "options": null,
      "version": "6.2.0"
    }
  }
}